TpTrace Verbose: 0 : 20000, 1, 2025/03/23, 04:20:53.074, 9445452965505, vstest.console.dll, Version: 17.12.0-release-24508-01 Current process architecture: X64
TpTrace Verbose: 0 : 20000, 1, 2025/03/23, 04:20:53.077, 9445452992943, vstest.console.dll, Runtime location: C:\Program Files\dotnet\shared\Microsoft.NETCore.App\9.0.2
TpTrace Information: 0 : 20000, 1, 2025/03/23, 04:20:53.078, 9445453007170, vstest.console.dll, Using .Net Framework version:.NETCoreApp,Version=v8.0
TpTrace Verbose: 0 : 20000, 1, 2025/03/23, 04:20:53.078, 9445453008045, vstest.console.dll, ArtifactProcessingPostProcessModeProcessorExecutor.Initialize: ArtifactProcessingMode.Collect
TpTrace Verbose: 0 : 20000, 1, 2025/03/23, 04:20:53.078, 9445453008736, vstest.console.dll, TestSessionCorrelationIdProcessorModeProcessorExecutor.Initialize: TestSessionCorrelationId '3036_12457bb5-1471-4faf-9f34-c3056d05386a'
TpTrace Information: 0 : 20000, 1, 2025/03/23, 04:20:53.081, 9445453031520, vstest.console.dll, FilePatternParser: The given file C:\Users\antoi\source\repos\SOLID\TestSolid\bin\Debug\net8.0\TestSolid.dll is a full path.
TpTrace Verbose: 0 : 20000, 1, 2025/03/23, 04:20:53.084, 9445453064734, vstest.console.dll, TestPluginCache.DiscoverTestExtensions: finding test extensions in assemblies ends with: RuntimeProvider.dll TPluginInfo: Microsoft.VisualStudio.TestPlatform.Common.ExtensionFramework.Utilities.TestRuntimePluginInformation TExtension: Microsoft.VisualStudio.TestPlatform.ObjectModel.Host.ITestRuntimeProvider
TpTrace Verbose: 0 : 20000, 1, 2025/03/23, 04:20:53.085, 9445453074898, vstest.console.dll, TestPluginCache.GetExtensionPaths: Filtered extension paths: 
TpTrace Verbose: 0 : 20000, 1, 2025/03/23, 04:20:53.085, 9445453075489, vstest.console.dll, TestPluginCache.GetExtensionPaths: Added default extension paths: C:\Program Files\dotnet\sdk\9.0.103\Extensions\Microsoft.Diagnostics.NETCore.Client.dll
C:\Program Files\dotnet\sdk\9.0.103\Extensions\Microsoft.TestPlatform.Extensions.BlameDataCollector.dll
C:\Program Files\dotnet\sdk\9.0.103\Extensions\Microsoft.TestPlatform.Extensions.EventLogCollector.dll
C:\Program Files\dotnet\sdk\9.0.103\Extensions\Microsoft.TestPlatform.TestHostRuntimeProvider.dll
C:\Program Files\dotnet\sdk\9.0.103\Extensions\Microsoft.VisualStudio.TestPlatform.Extensions.Html.TestLogger.dll
C:\Program Files\dotnet\sdk\9.0.103\Extensions\Microsoft.VisualStudio.TestPlatform.Extensions.Trx.TestLogger.dll
TpTrace Verbose: 0 : 20000, 1, 2025/03/23, 04:20:53.085, 9445453075670, vstest.console.dll, TestPluginCache.GetExtensionPaths: Added unfilterableExtensionPaths: 
TpTrace Information: 0 : 20000, 1, 2025/03/23, 04:20:53.085, 9445453079216, vstest.console.dll, AssemblyResolver.ctor: Creating AssemblyResolver with searchDirectories C:\Program Files\dotnet\sdk\9.0.103\Extensions,C:\Program Files\dotnet\sdk\9.0.103
TpTrace Verbose: 0 : 20000, 1, 2025/03/23, 04:20:53.086, 9445453084287, vstest.console.dll, TestPluginCache.DiscoverTestExtensions: Discovering the extensions using extension path.
TpTrace Verbose: 0 : 20000, 1, 2025/03/23, 04:20:53.086, 9445453085033, vstest.console.dll, TestPluginCache.GetExtensionPaths: Filtered extension paths: 
TpTrace Verbose: 0 : 20000, 1, 2025/03/23, 04:20:53.086, 9445453085314, vstest.console.dll, TestPluginCache.GetExtensionPaths: Added default extension paths: C:\Program Files\dotnet\sdk\9.0.103\Extensions\Microsoft.Diagnostics.NETCore.Client.dll
C:\Program Files\dotnet\sdk\9.0.103\Extensions\Microsoft.TestPlatform.Extensions.BlameDataCollector.dll
C:\Program Files\dotnet\sdk\9.0.103\Extensions\Microsoft.TestPlatform.Extensions.EventLogCollector.dll
C:\Program Files\dotnet\sdk\9.0.103\Extensions\Microsoft.TestPlatform.TestHostRuntimeProvider.dll
C:\Program Files\dotnet\sdk\9.0.103\Extensions\Microsoft.VisualStudio.TestPlatform.Extensions.Html.TestLogger.dll
C:\Program Files\dotnet\sdk\9.0.103\Extensions\Microsoft.VisualStudio.TestPlatform.Extensions.Trx.TestLogger.dll
TpTrace Verbose: 0 : 20000, 1, 2025/03/23, 04:20:53.086, 9445453085478, vstest.console.dll, TestPluginCache.GetExtensionPaths: Added unfilterableExtensionPaths: 
TpTrace Verbose: 0 : 20000, 1, 2025/03/23, 04:20:53.086, 9445453086241, vstest.console.dll, TestPluginCache.DiscoverTestExtensions: Discovering the extensions using allExtensionPaths: C:\Program Files\dotnet\sdk\9.0.103\Extensions\Microsoft.Diagnostics.NETCore.Client.dll
C:\Program Files\dotnet\sdk\9.0.103\Extensions\Microsoft.TestPlatform.Extensions.BlameDataCollector.dll
C:\Program Files\dotnet\sdk\9.0.103\Extensions\Microsoft.TestPlatform.Extensions.EventLogCollector.dll
C:\Program Files\dotnet\sdk\9.0.103\Extensions\Microsoft.TestPlatform.TestHostRuntimeProvider.dll
C:\Program Files\dotnet\sdk\9.0.103\Extensions\Microsoft.VisualStudio.TestPlatform.Extensions.Html.TestLogger.dll
C:\Program Files\dotnet\sdk\9.0.103\Extensions\Microsoft.VisualStudio.TestPlatform.Extensions.Trx.TestLogger.dll
TpTrace Information: 0 : 20000, 1, 2025/03/23, 04:20:53.086, 9445453086950, vstest.console.dll, AssemblyResolver.AddSearchDirectories: Adding more searchDirectories C:\Program Files\dotnet\sdk\9.0.103\Extensions,C:\Program Files\dotnet\sdk\9.0.103
TpTrace Information: 0 : 20000, 1, 2025/03/23, 04:20:53.086, 9445453087317, vstest.console.dll, AssemblyResolver.AddSearchDirectories: Adding more searchDirectories C:\Program Files\dotnet\sdk\9.0.103\Extensions,C:\Program Files\dotnet\sdk\9.0.103
TpTrace Information: 0 : 20000, 1, 2025/03/23, 04:20:53.086, 9445453087509, vstest.console.dll, AssemblyResolver.AddSearchDirectories: Adding more searchDirectories C:\Program Files\dotnet\sdk\9.0.103\Extensions,C:\Program Files\dotnet\sdk\9.0.103
TpTrace Information: 0 : 20000, 1, 2025/03/23, 04:20:53.086, 9445453087674, vstest.console.dll, AssemblyResolver.AddSearchDirectories: Adding more searchDirectories C:\Program Files\dotnet\sdk\9.0.103\Extensions,C:\Program Files\dotnet\sdk\9.0.103
TpTrace Information: 0 : 20000, 1, 2025/03/23, 04:20:53.086, 9445453087865, vstest.console.dll, AssemblyResolver.AddSearchDirectories: Adding more searchDirectories C:\Program Files\dotnet\sdk\9.0.103\Extensions,C:\Program Files\dotnet\sdk\9.0.103
TpTrace Information: 0 : 20000, 1, 2025/03/23, 04:20:53.086, 9445453088029, vstest.console.dll, AssemblyResolver.AddSearchDirectories: Adding more searchDirectories C:\Program Files\dotnet\sdk\9.0.103\Extensions,C:\Program Files\dotnet\sdk\9.0.103
TpTrace Information: 0 : 20000, 1, 2025/03/23, 04:20:53.087, 9445453090471, vstest.console.dll, AssemblyResolver.OnResolve: Microsoft.Diagnostics.NETCore.Client: Resolving assembly.
TpTrace Information: 0 : 20000, 1, 2025/03/23, 04:20:53.087, 9445453091044, vstest.console.dll, AssemblyResolver.OnResolve: Microsoft.Diagnostics.NETCore.Client: Searching in: 'C:\Program Files\dotnet\sdk\9.0.103\Extensions'.
TpTrace Information: 0 : 20000, 1, 2025/03/23, 04:20:53.098, 9445453203420, vstest.console.dll, AssemblyResolver.OnResolve: Microsoft.Diagnostics.NETCore.Client: Loading assembly 'C:\Program Files\dotnet\sdk\9.0.103\Extensions\Microsoft.Diagnostics.NETCore.Client.dll'.
TpTrace Information: 0 : 20000, 1, 2025/03/23, 04:20:53.098, 9445453208091, vstest.console.dll, AssemblyResolver.OnResolve: Resolved assembly: Microsoft.Diagnostics.NETCore.Client, from path: C:\Program Files\dotnet\sdk\9.0.103\Extensions\Microsoft.Diagnostics.NETCore.Client.dll
TpTrace Verbose: 0 : 20000, 1, 2025/03/23, 04:20:53.099, 9445453216119, vstest.console.dll, MetadataReaderExtensionsHelper: Discovering extensions inside assembly 'Microsoft.Diagnostics.NETCore.Client, Version=0.2.10.41601, Culture=neutral, PublicKeyToken=31bf3856ad364e35' file path 'C:\Program Files\dotnet\sdk\9.0.103\Extensions\Microsoft.Diagnostics.NETCore.Client.dll'
TpTrace Information: 0 : 20000, 1, 2025/03/23, 04:20:53.101, 9445453239368, vstest.console.dll, AssemblyResolver.OnResolve: Microsoft.Bcl.AsyncInterfaces: Resolving assembly.
TpTrace Information: 0 : 20000, 1, 2025/03/23, 04:20:53.101, 9445453240060, vstest.console.dll, AssemblyResolver.OnResolve: Microsoft.Bcl.AsyncInterfaces: Searching in: 'C:\Program Files\dotnet\sdk\9.0.103\Extensions'.
TpTrace Information: 0 : 20000, 1, 2025/03/23, 04:20:53.102, 9445453241118, vstest.console.dll, AssemblyResolver.OnResolve: Microsoft.Bcl.AsyncInterfaces: Assembly path does not exist: 'C:\Program Files\dotnet\sdk\9.0.103\Extensions\Microsoft.Bcl.AsyncInterfaces.dll', returning.
TpTrace Information: 0 : 20000, 1, 2025/03/23, 04:20:53.102, 9445453241553, vstest.console.dll, AssemblyResolver.OnResolve: Microsoft.Bcl.AsyncInterfaces: Assembly path does not exist: 'C:\Program Files\dotnet\sdk\9.0.103\Extensions\Microsoft.Bcl.AsyncInterfaces.exe', returning.
TpTrace Information: 0 : 20000, 1, 2025/03/23, 04:20:53.102, 9445453241831, vstest.console.dll, AssemblyResolver.OnResolve: Microsoft.Bcl.AsyncInterfaces: Searching in: 'C:\Program Files\dotnet\sdk\9.0.103'.
TpTrace Information: 0 : 20000, 1, 2025/03/23, 04:20:53.102, 9445453242175, vstest.console.dll, AssemblyResolver.OnResolve: Microsoft.Bcl.AsyncInterfaces: Assembly path does not exist: 'C:\Program Files\dotnet\sdk\9.0.103\Microsoft.Bcl.AsyncInterfaces.dll', returning.
TpTrace Information: 0 : 20000, 1, 2025/03/23, 04:20:53.102, 9445453242475, vstest.console.dll, AssemblyResolver.OnResolve: Microsoft.Bcl.AsyncInterfaces: Assembly path does not exist: 'C:\Program Files\dotnet\sdk\9.0.103\Microsoft.Bcl.AsyncInterfaces.exe', returning.
TpTrace Information: 0 : 20000, 1, 2025/03/23, 04:20:53.102, 9445453242642, vstest.console.dll, AssemblyResolver.OnResolve: Microsoft.Bcl.AsyncInterfaces: Failed to load assembly.
TpTrace Verbose: 0 : 20000, 1, 2025/03/23, 04:20:53.102, 9445453242932, vstest.console.dll, CurrentDomainAssemblyResolve: Resolving assembly 'Microsoft.Bcl.AsyncInterfaces'.
TpTrace Information: 0 : 20000, 1, 2025/03/23, 04:20:53.102, 9445453243327, vstest.console.dll, AssemblyResolver.OnResolve: Microsoft.Bcl.AsyncInterfaces: Resolving assembly.
TpTrace Information: 0 : 20000, 1, 2025/03/23, 04:20:53.102, 9445453243544, vstest.console.dll, AssemblyResolver.OnResolve: Microsoft.Bcl.AsyncInterfaces: Resolved from cache.
TpTrace Verbose: 0 : 20000, 1, 2025/03/23, 04:20:53.102, 9445453243705, vstest.console.dll, CurrentDomainAssemblyResolve: Resolving assembly 'Microsoft.Bcl.AsyncInterfaces'.
TpTrace Verbose: 0 : 20000, 1, 2025/03/23, 04:20:53.102, 9445453243909, vstest.console.dll, CurrentDomainAssemblyResolve: Failed to resolve assembly 'Microsoft.Bcl.AsyncInterfaces'.
TpTrace Verbose: 0 : 20000, 1, 2025/03/23, 04:20:53.102, 9445453248667, vstest.console.dll, CurrentDomainAssemblyResolve: Failed to resolve assembly 'Microsoft.Bcl.AsyncInterfaces'.
TpTrace Warning: 0 : 20000, 1, 2025/03/23, 04:20:53.110, 9445453324465, vstest.console.dll, TestPluginDiscoverer: Failed to get types from assembly 'Microsoft.Diagnostics.NETCore.Client, Version=0.2.10.41601, Culture=neutral, PublicKeyToken=31bf3856ad364e35'. Error: System.Reflection.ReflectionTypeLoadException: Unable to load one or more of the requested types.
Could not load file or assembly 'Microsoft.Bcl.AsyncInterfaces, Version=6.0.0.0, Culture=neutral, PublicKeyToken=cc7b13ffcd2ddd51'. Le fichier spécifié est introuvable.
   at System.Reflection.RuntimeModule.GetDefinedTypes()
   at System.Reflection.RuntimeModule.GetTypes()
   at Microsoft.VisualStudio.TestPlatform.Common.ExtensionFramework.TestPluginDiscoverer.GetTestExtensionsFromAssembly[TPluginInfo,TExtension](Assembly assembly, Dictionary`2 pluginInfos, String filePath) in /_/src/Microsoft.TestPlatform.Common/ExtensionFramework/TestPluginDiscoverer.cs:line 159
System.IO.FileNotFoundException: Could not load file or assembly 'Microsoft.Bcl.AsyncInterfaces, Version=6.0.0.0, Culture=neutral, PublicKeyToken=cc7b13ffcd2ddd51'. Le fichier spécifié est introuvable.
File name: 'Microsoft.Bcl.AsyncInterfaces, Version=6.0.0.0, Culture=neutral, PublicKeyToken=cc7b13ffcd2ddd51'
 ---> System.IO.FileNotFoundException: Could not load file or assembly 'Microsoft.Bcl.AsyncInterfaces, Culture=neutral, PublicKeyToken=null'. Le fichier spécifié est introuvable.
File name: 'Microsoft.Bcl.AsyncInterfaces, Culture=neutral, PublicKeyToken=null'
   at System.Reflection.RuntimeAssembly.InternalLoad(AssemblyName assemblyName, StackCrawlMark& stackMark, AssemblyLoadContext assemblyLoadContext, RuntimeAssembly requestingAssembly, Boolean throwOnFileNotFound)
   at System.Reflection.Assembly.Load(AssemblyName assemblyRef)
   at Microsoft.VisualStudio.TestPlatform.Common.ExtensionFramework.TestPluginCache.CurrentDomainAssemblyResolve(Object sender, AssemblyResolveEventArgs args) in /_/src/Microsoft.TestPlatform.Common/ExtensionFramework/TestPluginCache.cs:line 514
   at System.Runtime.Loader.AssemblyLoadContext.GetFirstResolvedAssemblyFromResolvingEvent(AssemblyName assemblyName)
   at System.Runtime.Loader.AssemblyLoadContext.ResolveUsingEvent(AssemblyName assemblyName)
   at System.Runtime.Loader.AssemblyLoadContext.ResolveUsingResolvingEvent(IntPtr gchManagedAssemblyLoadContext, AssemblyName assemblyName)
TpTrace Warning: 0 : 20000, 1, 2025/03/23, 04:20:53.110, 9445453327306, vstest.console.dll, LoaderExceptions: System.IO.FileNotFoundException: Could not load file or assembly 'Microsoft.Bcl.AsyncInterfaces, Version=6.0.0.0, Culture=neutral, PublicKeyToken=cc7b13ffcd2ddd51'. Le fichier spécifié est introuvable.
File name: 'Microsoft.Bcl.AsyncInterfaces, Version=6.0.0.0, Culture=neutral, PublicKeyToken=cc7b13ffcd2ddd51'
 ---> System.IO.FileNotFoundException: Could not load file or assembly 'Microsoft.Bcl.AsyncInterfaces, Culture=neutral, PublicKeyToken=null'. Le fichier spécifié est introuvable.
File name: 'Microsoft.Bcl.AsyncInterfaces, Culture=neutral, PublicKeyToken=null'
   at System.Reflection.RuntimeAssembly.InternalLoad(AssemblyName assemblyName, StackCrawlMark& stackMark, AssemblyLoadContext assemblyLoadContext, RuntimeAssembly requestingAssembly, Boolean throwOnFileNotFound)
   at System.Reflection.Assembly.Load(AssemblyName assemblyRef)
   at Microsoft.VisualStudio.TestPlatform.Common.ExtensionFramework.TestPluginCache.CurrentDomainAssemblyResolve(Object sender, AssemblyResolveEventArgs args) in /_/src/Microsoft.TestPlatform.Common/ExtensionFramework/TestPluginCache.cs:line 514
   at System.Runtime.Loader.AssemblyLoadContext.GetFirstResolvedAssemblyFromResolvingEvent(AssemblyName assemblyName)
   at System.Runtime.Loader.AssemblyLoadContext.ResolveUsingEvent(AssemblyName assemblyName)
   at System.Runtime.Loader.AssemblyLoadContext.ResolveUsingResolvingEvent(IntPtr gchManagedAssemblyLoadContext, AssemblyName assemblyName)
TpTrace Information: 0 : 20000, 1, 2025/03/23, 04:20:53.110, 9445453328339, vstest.console.dll, AssemblyResolver.OnResolve: Microsoft.TestPlatform.Extensions.BlameDataCollector: Resolving assembly.
TpTrace Information: 0 : 20000, 1, 2025/03/23, 04:20:53.110, 9445453328676, vstest.console.dll, AssemblyResolver.OnResolve: Microsoft.TestPlatform.Extensions.BlameDataCollector: Searching in: 'C:\Program Files\dotnet\sdk\9.0.103\Extensions'.
TpTrace Information: 0 : 20000, 1, 2025/03/23, 04:20:53.111, 9445453330661, vstest.console.dll, AssemblyResolver.OnResolve: Microsoft.TestPlatform.Extensions.BlameDataCollector: Loading assembly 'C:\Program Files\dotnet\sdk\9.0.103\Extensions\Microsoft.TestPlatform.Extensions.BlameDataCollector.dll'.
TpTrace Information: 0 : 20000, 1, 2025/03/23, 04:20:53.111, 9445453333624, vstest.console.dll, AssemblyResolver.OnResolve: Resolved assembly: Microsoft.TestPlatform.Extensions.BlameDataCollector, from path: C:\Program Files\dotnet\sdk\9.0.103\Extensions\Microsoft.TestPlatform.Extensions.BlameDataCollector.dll
TpTrace Verbose: 0 : 20000, 1, 2025/03/23, 04:20:53.111, 9445453334320, vstest.console.dll, MetadataReaderExtensionsHelper: Discovering extensions inside assembly 'Microsoft.TestPlatform.Extensions.BlameDataCollector, Version=15.0.0.0, Culture=neutral, PublicKeyToken=b03f5f7f11d50a3a' file path 'C:\Program Files\dotnet\sdk\9.0.103\Extensions\Microsoft.TestPlatform.Extensions.BlameDataCollector.dll'
TpTrace Information: 0 : 20000, 1, 2025/03/23, 04:20:53.112, 9445453342245, vstest.console.dll, AssemblyResolver.OnResolve: Microsoft.TestPlatform.Extensions.EventLogCollector: Resolving assembly.
TpTrace Information: 0 : 20000, 1, 2025/03/23, 04:20:53.112, 9445453343095, vstest.console.dll, AssemblyResolver.OnResolve: Microsoft.TestPlatform.Extensions.EventLogCollector: Searching in: 'C:\Program Files\dotnet\sdk\9.0.103\Extensions'.
TpTrace Information: 0 : 20000, 1, 2025/03/23, 04:20:53.112, 9445453349216, vstest.console.dll, AssemblyResolver.OnResolve: Microsoft.TestPlatform.Extensions.EventLogCollector: Loading assembly 'C:\Program Files\dotnet\sdk\9.0.103\Extensions\Microsoft.TestPlatform.Extensions.EventLogCollector.dll'.
TpTrace Information: 0 : 20000, 1, 2025/03/23, 04:20:53.113, 9445453355668, vstest.console.dll, AssemblyResolver.OnResolve: Resolved assembly: Microsoft.TestPlatform.Extensions.EventLogCollector, from path: C:\Program Files\dotnet\sdk\9.0.103\Extensions\Microsoft.TestPlatform.Extensions.EventLogCollector.dll
TpTrace Verbose: 0 : 20000, 1, 2025/03/23, 04:20:53.113, 9445453356238, vstest.console.dll, MetadataReaderExtensionsHelper: Discovering extensions inside assembly 'Microsoft.TestPlatform.Extensions.EventLogCollector, Version=15.0.0.0, Culture=neutral, PublicKeyToken=b03f5f7f11d50a3a' file path 'C:\Program Files\dotnet\sdk\9.0.103\Extensions\Microsoft.TestPlatform.Extensions.EventLogCollector.dll'
TpTrace Information: 0 : 20000, 1, 2025/03/23, 04:20:53.115, 9445453376884, vstest.console.dll, AssemblyResolver.OnResolve: Microsoft.TestPlatform.TestHostRuntimeProvider: Resolving assembly.
TpTrace Information: 0 : 20000, 1, 2025/03/23, 04:20:53.115, 9445453377376, vstest.console.dll, AssemblyResolver.OnResolve: Microsoft.TestPlatform.TestHostRuntimeProvider: Searching in: 'C:\Program Files\dotnet\sdk\9.0.103\Extensions'.
TpTrace Information: 0 : 20000, 1, 2025/03/23, 04:20:53.115, 9445453379053, vstest.console.dll, AssemblyResolver.OnResolve: Microsoft.TestPlatform.TestHostRuntimeProvider: Loading assembly 'C:\Program Files\dotnet\sdk\9.0.103\Extensions\Microsoft.TestPlatform.TestHostRuntimeProvider.dll'.
TpTrace Information: 0 : 20000, 1, 2025/03/23, 04:20:53.116, 9445453382092, vstest.console.dll, AssemblyResolver.OnResolve: Resolved assembly: Microsoft.TestPlatform.TestHostRuntimeProvider, from path: C:\Program Files\dotnet\sdk\9.0.103\Extensions\Microsoft.TestPlatform.TestHostRuntimeProvider.dll
TpTrace Verbose: 0 : 20000, 1, 2025/03/23, 04:20:53.116, 9445453382689, vstest.console.dll, MetadataReaderExtensionsHelper: Discovering extensions inside assembly 'Microsoft.TestPlatform.TestHostRuntimeProvider, Version=15.0.0.0, Culture=neutral, PublicKeyToken=b03f5f7f11d50a3a' file path 'C:\Program Files\dotnet\sdk\9.0.103\Extensions\Microsoft.TestPlatform.TestHostRuntimeProvider.dll'
TpTrace Information: 0 : 20000, 1, 2025/03/23, 04:20:53.117, 9445453392141, vstest.console.dll, GetTestExtensionFromType: Register extension with identifier data 'HostProvider://DefaultTestHost' and type 'Microsoft.VisualStudio.TestPlatform.CrossPlatEngine.Hosting.DefaultTestHostManager, Microsoft.TestPlatform.TestHostRuntimeProvider, Version=15.0.0.0, Culture=neutral, PublicKeyToken=b03f5f7f11d50a3a' inside file 'C:\Program Files\dotnet\sdk\9.0.103\Extensions\Microsoft.TestPlatform.TestHostRuntimeProvider.dll'
TpTrace Information: 0 : 20000, 1, 2025/03/23, 04:20:53.117, 9445453393937, vstest.console.dll, GetTestExtensionFromType: Register extension with identifier data 'HostProvider://DotnetTestHost' and type 'Microsoft.VisualStudio.TestPlatform.CrossPlatEngine.Hosting.DotnetTestHostManager, Microsoft.TestPlatform.TestHostRuntimeProvider, Version=15.0.0.0, Culture=neutral, PublicKeyToken=b03f5f7f11d50a3a' inside file 'C:\Program Files\dotnet\sdk\9.0.103\Extensions\Microsoft.TestPlatform.TestHostRuntimeProvider.dll'
TpTrace Information: 0 : 20000, 1, 2025/03/23, 04:20:53.117, 9445453394446, vstest.console.dll, AssemblyResolver.OnResolve: Microsoft.VisualStudio.TestPlatform.Extensions.Html.TestLogger: Resolving assembly.
TpTrace Information: 0 : 20000, 1, 2025/03/23, 04:20:53.117, 9445453394740, vstest.console.dll, AssemblyResolver.OnResolve: Microsoft.VisualStudio.TestPlatform.Extensions.Html.TestLogger: Searching in: 'C:\Program Files\dotnet\sdk\9.0.103\Extensions'.
TpTrace Information: 0 : 20000, 1, 2025/03/23, 04:20:53.117, 9445453396678, vstest.console.dll, AssemblyResolver.OnResolve: Microsoft.VisualStudio.TestPlatform.Extensions.Html.TestLogger: Loading assembly 'C:\Program Files\dotnet\sdk\9.0.103\Extensions\Microsoft.VisualStudio.TestPlatform.Extensions.Html.TestLogger.dll'.
TpTrace Information: 0 : 20000, 1, 2025/03/23, 04:20:53.117, 9445453399454, vstest.console.dll, AssemblyResolver.OnResolve: Resolved assembly: Microsoft.VisualStudio.TestPlatform.Extensions.Html.TestLogger, from path: C:\Program Files\dotnet\sdk\9.0.103\Extensions\Microsoft.VisualStudio.TestPlatform.Extensions.Html.TestLogger.dll
TpTrace Verbose: 0 : 20000, 1, 2025/03/23, 04:20:53.117, 9445453399877, vstest.console.dll, MetadataReaderExtensionsHelper: Discovering extensions inside assembly 'Microsoft.VisualStudio.TestPlatform.Extensions.Html.TestLogger, Version=15.0.0.0, Culture=neutral, PublicKeyToken=b03f5f7f11d50a3a' file path 'C:\Program Files\dotnet\sdk\9.0.103\Extensions\Microsoft.VisualStudio.TestPlatform.Extensions.Html.TestLogger.dll'
TpTrace Information: 0 : 20000, 1, 2025/03/23, 04:20:53.118, 9445453405179, vstest.console.dll, AssemblyResolver.OnResolve: Microsoft.VisualStudio.TestPlatform.Extensions.Trx.TestLogger: Resolving assembly.
TpTrace Information: 0 : 20000, 1, 2025/03/23, 04:20:53.118, 9445453405735, vstest.console.dll, AssemblyResolver.OnResolve: Microsoft.VisualStudio.TestPlatform.Extensions.Trx.TestLogger: Searching in: 'C:\Program Files\dotnet\sdk\9.0.103\Extensions'.
TpTrace Information: 0 : 20000, 1, 2025/03/23, 04:20:53.118, 9445453407422, vstest.console.dll, AssemblyResolver.OnResolve: Microsoft.VisualStudio.TestPlatform.Extensions.Trx.TestLogger: Loading assembly 'C:\Program Files\dotnet\sdk\9.0.103\Extensions\Microsoft.VisualStudio.TestPlatform.Extensions.Trx.TestLogger.dll'.
TpTrace Information: 0 : 20000, 1, 2025/03/23, 04:20:53.118, 9445453410264, vstest.console.dll, AssemblyResolver.OnResolve: Resolved assembly: Microsoft.VisualStudio.TestPlatform.Extensions.Trx.TestLogger, from path: C:\Program Files\dotnet\sdk\9.0.103\Extensions\Microsoft.VisualStudio.TestPlatform.Extensions.Trx.TestLogger.dll
TpTrace Verbose: 0 : 20000, 1, 2025/03/23, 04:20:53.119, 9445453410729, vstest.console.dll, MetadataReaderExtensionsHelper: Discovering extensions inside assembly 'Microsoft.VisualStudio.TestPlatform.Extensions.Trx.TestLogger, Version=15.0.0.0, Culture=neutral, PublicKeyToken=b03f5f7f11d50a3a' file path 'C:\Program Files\dotnet\sdk\9.0.103\Extensions\Microsoft.VisualStudio.TestPlatform.Extensions.Trx.TestLogger.dll'
TpTrace Verbose: 0 : 20000, 1, 2025/03/23, 04:20:53.119, 9445453419056, vstest.console.dll, TestPluginCache: Discovered the extensions using extension path ''.
TpTrace Verbose: 0 : 20000, 1, 2025/03/23, 04:20:53.119, 9445453419505, vstest.console.dll, TestPluginCache: Discoverers are ''.
TpTrace Verbose: 0 : 20000, 1, 2025/03/23, 04:20:53.119, 9445453419655, vstest.console.dll, TestPluginCache: Executors are ''.
TpTrace Verbose: 0 : 20000, 1, 2025/03/23, 04:20:53.119, 9445453419785, vstest.console.dll, TestPluginCache: Executors2 are ''.
TpTrace Verbose: 0 : 20000, 1, 2025/03/23, 04:20:53.119, 9445453419913, vstest.console.dll, TestPluginCache: Setting providers are ''.
TpTrace Verbose: 0 : 20000, 1, 2025/03/23, 04:20:53.119, 9445453420043, vstest.console.dll, TestPluginCache: Loggers are ''.
TpTrace Verbose: 0 : 20000, 1, 2025/03/23, 04:20:53.120, 9445453421129, vstest.console.dll, TestPluginCache: TestHosts are 'HostProvider://DefaultTestHost,HostProvider://DotnetTestHost'.
TpTrace Verbose: 0 : 20000, 1, 2025/03/23, 04:20:53.120, 9445453421392, vstest.console.dll, TestPluginCache: DataCollectors are ''.
TpTrace Information: 0 : 20000, 1, 2025/03/23, 04:20:53.131, 9445453531793, vstest.console.dll, RunTestsArgumentProcessor:Execute: Test run is starting.
TpTrace Verbose: 0 : 20000, 1, 2025/03/23, 04:20:53.131, 9445453532590, vstest.console.dll, RunTestsArgumentProcessor:Execute: Queuing Test run.
TpTrace Information: 0 : 20000, 1, 2025/03/23, 04:20:53.131, 9445453534134, vstest.console.dll, TestRequestManager.RunTests: run tests started.
TpTrace Information: 0 : 20000, 1, 2025/03/23, 04:20:53.132, 9445453548332, vstest.console.dll, AssemblyMetadataProvider.GetFrameworkName: Determined framework:'.NETCoreApp,Version=v8.0' for source: 'C:\Users\antoi\source\repos\SOLID\TestSolid\bin\Debug\net8.0\TestSolid.dll'
TpTrace Information: 0 : 20000, 1, 2025/03/23, 04:20:53.132, 9445453549564, vstest.console.dll, Determined framework for all sources: .NETCoreApp,Version=v8.0
TpTrace Verbose: 0 : 20000, 1, 2025/03/23, 04:20:53.133, 9445453551150, vstest.console.dll, TestRequestManager.UpdateRunSettingsIfRequired: Default architecture: X64 IsDefaultTargetArchitecture: True, Current process architecture: X64 OperatingSystem: Windows.
TpTrace Information: 0 : 20000, 1, 2025/03/23, 04:20:53.135, 9445453570708, vstest.console.dll, AssemblyMetadataProvider.GetArchitecture: Determined architecture:AnyCPU info for assembly: C:\Users\antoi\source\repos\SOLID\TestSolid\bin\Debug\net8.0\TestSolid.dll
TpTrace Information: 0 : 20000, 1, 2025/03/23, 04:20:53.135, 9445453571184, vstest.console.dll, Determined platform for source 'C:\Users\antoi\source\repos\SOLID\TestSolid\bin\Debug\net8.0\TestSolid.dll' was AnyCPU and it will use the default plaform X64.
TpTrace Information: 0 : 20000, 1, 2025/03/23, 04:20:53.135, 9445453571332, vstest.console.dll, None of the sources provided any runnable platform, using the default platform: X64
TpTrace Information: 0 : 20000, 1, 2025/03/23, 04:20:53.135, 9445453572266, vstest.console.dll, Platform was updated to 'X64'.
TpTrace Information: 0 : 20000, 1, 2025/03/23, 04:20:53.136, 9445453583945, vstest.console.dll, Compatible sources list: 
TpTrace Information: 0 : 20000, 1, 2025/03/23, 04:20:53.136, 9445453584475, vstest.console.dll, C:\Users\antoi\source\repos\SOLID\TestSolid\bin\Debug\net8.0\TestSolid.dll
TpTrace Information: 0 : 20000, 1, 2025/03/23, 04:20:53.138, 9445453603902, vstest.console.dll, InferRunSettingsHelper.IsTestSettingsEnabled: Unable to navigate to RunSettings/MSTest. Current node: RunSettings
TpTrace Information: 0 : 20000, 1, 2025/03/23, 04:20:53.138, 9445453609029, vstest.console.dll, AssemblyResolver.OnResolve: Microsoft.VisualStudio.TestPlatform.Fakes: Resolving assembly.
TpTrace Information: 0 : 20000, 1, 2025/03/23, 04:20:53.138, 9445453609632, vstest.console.dll, AssemblyResolver.OnResolve: Microsoft.VisualStudio.TestPlatform.Fakes: Searching in: 'C:\Program Files\dotnet\sdk\9.0.103\Extensions'.
TpTrace Information: 0 : 20000, 1, 2025/03/23, 04:20:53.139, 9445453610354, vstest.console.dll, AssemblyResolver.OnResolve: Microsoft.VisualStudio.TestPlatform.Fakes: Assembly path does not exist: 'C:\Program Files\dotnet\sdk\9.0.103\Extensions\Microsoft.VisualStudio.TestPlatform.Fakes.dll', returning.
TpTrace Information: 0 : 20000, 1, 2025/03/23, 04:20:53.139, 9445453610724, vstest.console.dll, AssemblyResolver.OnResolve: Microsoft.VisualStudio.TestPlatform.Fakes: Assembly path does not exist: 'C:\Program Files\dotnet\sdk\9.0.103\Extensions\Microsoft.VisualStudio.TestPlatform.Fakes.exe', returning.
TpTrace Information: 0 : 20000, 1, 2025/03/23, 04:20:53.139, 9445453610901, vstest.console.dll, AssemblyResolver.OnResolve: Microsoft.VisualStudio.TestPlatform.Fakes: Searching in: 'C:\Program Files\dotnet\sdk\9.0.103'.
TpTrace Information: 0 : 20000, 1, 2025/03/23, 04:20:53.139, 9445453611306, vstest.console.dll, AssemblyResolver.OnResolve: Microsoft.VisualStudio.TestPlatform.Fakes: Assembly path does not exist: 'C:\Program Files\dotnet\sdk\9.0.103\Microsoft.VisualStudio.TestPlatform.Fakes.dll', returning.
TpTrace Information: 0 : 20000, 1, 2025/03/23, 04:20:53.139, 9445453611619, vstest.console.dll, AssemblyResolver.OnResolve: Microsoft.VisualStudio.TestPlatform.Fakes: Assembly path does not exist: 'C:\Program Files\dotnet\sdk\9.0.103\Microsoft.VisualStudio.TestPlatform.Fakes.exe', returning.
TpTrace Information: 0 : 20000, 1, 2025/03/23, 04:20:53.139, 9445453611785, vstest.console.dll, AssemblyResolver.OnResolve: Microsoft.VisualStudio.TestPlatform.Fakes: Failed to load assembly.
TpTrace Information: 0 : 20000, 1, 2025/03/23, 04:20:53.139, 9445453613755, vstest.console.dll, Failed to load assembly Microsoft.VisualStudio.TestPlatform.Fakes, Version=17.0.0.0, Culture=neutral. Reason:System.IO.FileNotFoundException: Could not load file or assembly 'Microsoft.VisualStudio.TestPlatform.Fakes, Version=17.0.0.0, Culture=neutral, PublicKeyToken=null'. Le fichier spécifié est introuvable.
File name: 'Microsoft.VisualStudio.TestPlatform.Fakes, Version=17.0.0.0, Culture=neutral, PublicKeyToken=null'
   at System.Reflection.RuntimeAssembly.InternalLoad(AssemblyName assemblyName, StackCrawlMark& stackMark, AssemblyLoadContext assemblyLoadContext, RuntimeAssembly requestingAssembly, Boolean throwOnFileNotFound)
   at System.Reflection.Assembly.Load(AssemblyName assemblyRef)
   at Microsoft.VisualStudio.TestPlatform.Common.Utilities.FakesUtilities.LoadTestPlatformAssembly() in /_/src/Microsoft.TestPlatform.Common/Utilities/FakesUtilities.cs:line 273
TpTrace Verbose: 0 : 20000, 1, 2025/03/23, 04:20:53.144, 9445453660343, vstest.console.dll, TestEngine: Initializing Parallel Execution as MaxCpuCount is set to: 1
TpTrace Information: 0 : 20000, 1, 2025/03/23, 04:20:53.144, 9445453668619, vstest.console.dll, TestPluginManager.CreateTestExtension: Attempting to load test extension: Microsoft.VisualStudio.TestPlatform.CrossPlatEngine.Hosting.DefaultTestHostManager
TpTrace Information: 0 : 20000, 1, 2025/03/23, 04:20:53.145, 9445453673243, vstest.console.dll, TestPluginManager.CreateTestExtension: Attempting to load test extension: Microsoft.VisualStudio.TestPlatform.CrossPlatEngine.Hosting.DotnetTestHostManager
TpTrace Verbose: 0 : 20000, 1, 2025/03/23, 04:20:53.145, 9445453674690, vstest.console.dll, TestHostManagerCallbacks.ctor: Forwarding output is enabled.
TpTrace Information: 0 : 20000, 1, 2025/03/23, 04:20:53.145, 9445453677120, vstest.console.dll, InferRunSettingsHelper.IsTestSettingsEnabled: Unable to navigate to RunSettings/MSTest. Current node: RunSettings
TpTrace Verbose: 0 : 20000, 1, 2025/03/23, 04:20:53.146, 9445453680733, vstest.console.dll, ParallelOperationManager.ClearSlots: Clearing all slots. Slots should accept more work: True
TpTrace Verbose: 0 : 20000, 1, 2025/03/23, 04:20:53.146, 9445453684750, vstest.console.dll, ParallelOperationManager.SetOccupiedSlotCount: Setting slot counts AvailableSlotCount = 1, OccupiedSlotCount = 0.
TpTrace Verbose: 0 : 20000, 1, 2025/03/23, 04:20:53.146, 9445453687474, vstest.console.dll, Occupied slots:

TpTrace Verbose: 0 : 20000, 1, 2025/03/23, 04:20:53.148, 9445453710157, vstest.console.dll, TestEngine.GetExecutionManager: Chosen execution manager 'Microsoft.VisualStudio.TestPlatform.CrossPlatEngine.Client.Parallel.ParallelProxyExecutionManager, Microsoft.TestPlatform.CrossPlatEngine, Version=15.0.0.0, Culture=neutral, PublicKeyToken=b03f5f7f11d50a3a' ParallelLevel '1'.
TpTrace Verbose: 0 : 20000, 1, 2025/03/23, 04:20:53.149, 9445453711270, vstest.console.dll, TestPlatform.GetSkipDefaultAdapters: Not skipping default adapters SkipDefaultAdapters was false.
TpTrace Verbose: 0 : 20000, 1, 2025/03/23, 04:20:53.149, 9445453712095, vstest.console.dll, TestRunRequest.ExecuteAsync: Creating test run request.
TpTrace Verbose: 0 : 20000, 1, 2025/03/23, 04:20:53.149, 9445453715657, vstest.console.dll, TestRunRequest.ExecuteAsync: Starting.
TpTrace Information: 0 : 20000, 1, 2025/03/23, 04:20:53.150, 9445453723654, vstest.console.dll, TestRunRequest.ExecuteAsync: Starting run with settings:TestRunCriteria:
   KeepAlive=False,FrequencyOfRunStatsChangeEvent=10,RunStatsChangeEventTimeout=00:00:01.5000000,TestCaseFilter=,TestExecutorLauncher=
   Settingsxml=<RunSettings>
  <RunConfiguration>
    <ResultsDirectory>C:\Users\antoi\source\repos\SOLID\TestSolid\TestResults</ResultsDirectory>
    <TargetPlatform>X64</TargetPlatform>
    <TargetFrameworkVersion>.NETCoreApp,Version=v8.0</TargetFrameworkVersion>
    <DesignMode>False</DesignMode>
    <CollectSourceInformation>False</CollectSourceInformation>
  </RunConfiguration>
  <LoggerRunSettings>
    <Loggers>
      <Logger friendlyName="Microsoft.TestPlatform.MSBuildLogger" assemblyQualifiedName="Microsoft.VisualStudio.TestPlatform.CommandLine.Internal.MSBuildLogger, vstest.console, Version=15.0.0.0, Culture=neutral, PublicKeyToken=b03f5f7f11d50a3a" codeBase="C:\Program Files\dotnet\sdk\9.0.103\vstest.console.dll" enabled="True">
        <Configuration>
          <Verbosity>minimal</Verbosity>
        </Configuration>
      </Logger>
    </Loggers>
  </LoggerRunSettings>
</RunSettings>

TpTrace Verbose: 0 : 20000, 1, 2025/03/23, 04:20:53.150, 9445453724083, vstest.console.dll, TestRunRequest.ExecuteAsync: Wait for the first run request is over.
TpTrace Verbose: 0 : 20000, 1, 2025/03/23, 04:20:53.150, 9445453725628, vstest.console.dll, MulticastDelegateUtilities.SafeInvoke: TestRun.TestRunStart: Invoking callbacks was skipped because there are no subscribers.
TpTrace Verbose: 0 : 20000, 1, 2025/03/23, 04:20:53.151, 9445453732973, vstest.console.dll, ParallelProxyExecutionManager: Start execution. Total sources: 1
TpTrace Verbose: 0 : 20000, 1, 2025/03/23, 04:20:53.151, 9445453735310, vstest.console.dll, ParallelOperationManager.StartWork: Starting adding 1 workloads.
TpTrace Verbose: 0 : 20000, 1, 2025/03/23, 04:20:53.151, 9445453735826, vstest.console.dll, ParallelOperationManager.ClearSlots: Clearing all slots. Slots should accept more work: True
TpTrace Verbose: 0 : 20000, 1, 2025/03/23, 04:20:53.151, 9445453736251, vstest.console.dll, ParallelOperationManager.SetOccupiedSlotCount: Setting slot counts AvailableSlotCount = 1, OccupiedSlotCount = 0.
TpTrace Verbose: 0 : 20000, 1, 2025/03/23, 04:20:53.151, 9445453736462, vstest.console.dll, Occupied slots:

TpTrace Verbose: 0 : 20000, 1, 2025/03/23, 04:20:53.152, 9445453744218, vstest.console.dll, TestHostManagerCallbacks.ctor: Forwarding output is enabled.
TpTrace Verbose: 0 : 20000, 1, 2025/03/23, 04:20:53.152, 9445453745670, vstest.console.dll, TestRequestSender is acting as server.
TpTrace Verbose: 0 : 20000, 1, 2025/03/23, 04:20:53.152, 9445453747491, vstest.console.dll, ParallelOperationManager.RunWorkInParallel: Adding 1 workload to slot, remaining workloads 0.
TpTrace Verbose: 0 : 20000, 1, 2025/03/23, 04:20:53.152, 9445453747810, vstest.console.dll, ParallelOperationManager.SetOccupiedSlotCount: Setting slot counts AvailableSlotCount = 0, OccupiedSlotCount = 1.
TpTrace Verbose: 0 : 20000, 1, 2025/03/23, 04:20:53.152, 9445453748457, vstest.console.dll, Occupied slots:
0: C:\Users\antoi\source\repos\SOLID\TestSolid\bin\Debug\net8.0\TestSolid.dll
TpTrace Verbose: 0 : 20000, 1, 2025/03/23, 04:20:53.154, 9445453763915, vstest.console.dll, ParallelOperationManager.RunWorkInParallel: Started host in slot number 0 for work (source): C:\Users\antoi\source\repos\SOLID\TestSolid\bin\Debug\net8.0\TestSolid.dll.
TpTrace Verbose: 0 : 20000, 5, 2025/03/23, 04:20:53.155, 9445453772846, vstest.console.dll, ParallelProxyExecutionManager.StartTestRunOnConcurrentManager: Initializing uninitialized client. Started clients: 0
TpTrace Verbose: 0 : 20000, 5, 2025/03/23, 04:20:53.155, 9445453773312, vstest.console.dll, ParallelProxyExecutionManager.StartTestRunOnConcurrentManager: Initializing test run. Started clients: 0
TpTrace Verbose: 0 : 20000, 5, 2025/03/23, 04:20:53.155, 9445453773795, vstest.console.dll, ProxyExecutionManager: Test host is always Lazy initialize.
TpTrace Verbose: 0 : 20000, 1, 2025/03/23, 04:20:53.155, 9445453773888, vstest.console.dll, ParallelOperationManager.RunWorkInParallel: We started 1 work items, which is the max parallel level. Won't start more work.
TpTrace Verbose: 0 : 20000, 1, 2025/03/23, 04:20:53.155, 9445453774346, vstest.console.dll, ParallelOperationManager.RunWorkInParallel: We started 1 work items in here, returning True.
TpTrace Information: 0 : 20000, 1, 2025/03/23, 04:20:53.155, 9445453774541, vstest.console.dll, TestRunRequest.ExecuteAsync: Started.
TpTrace Verbose: 0 : 20000, 5, 2025/03/23, 04:20:53.155, 9445453775380, vstest.console.dll, TestRequestSender.InitializeCommunication: initialize communication. 
TpTrace Verbose: 0 : 20000, 1, 2025/03/23, 04:20:53.155, 9445453778386, vstest.console.dll, TestRunRequest.WaitForCompletion: Waiting with timeout -1.
TpTrace Information: 0 : 20000, 5, 2025/03/23, 04:20:53.161, 9445453834345, vstest.console.dll, SocketServer.Start: Listening on endpoint : 127.0.0.1:57127
TpTrace Verbose: 0 : 20000, 5, 2025/03/23, 04:20:53.165, 9445453875753, vstest.console.dll, DotnetTestHostmanager.GetTestHostProcessStartInfo: Platform environment 'X64' target architecture 'X64' framework '.NETCoreApp,Version=v8.0' OS 'Windows'
TpTrace Verbose: 0 : 20000, 5, 2025/03/23, 04:20:53.165, 9445453877279, vstest.console.dll, DotnetTestHostmanager: Adding  --runtimeconfig "C:\Users\antoi\source\repos\SOLID\TestSolid\bin\Debug\net8.0\TestSolid.runtimeconfig.json" in args
TpTrace Verbose: 0 : 20000, 5, 2025/03/23, 04:20:53.165, 9445453877778, vstest.console.dll, DotnetTestHostmanager: Adding  --depsfile "C:\Users\antoi\source\repos\SOLID\TestSolid\bin\Debug\net8.0\TestSolid.deps.json" in args
TpTrace Verbose: 0 : 20000, 5, 2025/03/23, 04:20:53.165, 9445453878855, vstest.console.dll, DotnetTestHostmanager.IsWinOnArm: Current PROCESSOR_ARCHITECTURE from environment variable 'AMD64'
TpTrace Verbose: 0 : 20000, 5, 2025/03/23, 04:20:53.165, 9445453879194, vstest.console.dll, DotnetTestHostmanager.IsWinOnArm: Is Windows on ARM 'False'
TpTrace Verbose: 0 : 20000, 5, 2025/03/23, 04:20:53.165, 9445453879658, vstest.console.dll, DotnetTestHostManager: testhost.exe found at path: C:\Users\antoi\source\repos\SOLID\TestSolid\bin\Debug\net8.0\testhost.exe
TpTrace Verbose: 0 : 20000, 5, 2025/03/23, 04:20:53.165, 9445453879880, vstest.console.dll, DotnetTestHostmanager: Full path of host exe is C:\Users\antoi\source\repos\SOLID\TestSolid\bin\Debug\net8.0\testhost.exe
TpTrace Verbose: 0 : 20000, 5, 2025/03/23, 04:20:53.166, 9445453880644, vstest.console.dll, DotnetTestHostmanager.LaunchTestHostAsync: Found 'VSTEST_WINAPPHOST_DOTNET_ROOT' in env variables, value 'C:\Program Files\dotnet', forwarding to 'DOTNET_ROOT'
TpTrace Verbose: 0 : 20000, 5, 2025/03/23, 04:20:53.166, 9445453881472, vstest.console.dll, DotnetTestHostManager: Starting process 'C:\Users\antoi\source\repos\SOLID\TestSolid\bin\Debug\net8.0\testhost.exe' with command line ' --runtimeconfig "C:\Users\antoi\source\repos\SOLID\TestSolid\bin\Debug\net8.0\TestSolid.runtimeconfig.json" --depsfile "C:\Users\antoi\source\repos\SOLID\TestSolid\bin\Debug\net8.0\TestSolid.deps.json" --port 57127 --endpoint 127.0.0.1:057127 --role client --parentprocessid 20000 --diag "C:\Users\antoi\source\repos\SOLID\TestSolid\log.host.25-03-23_04-20-53_16526_5.txt" --tracelevel 4 --telemetryoptedin false'
TpTrace Verbose: 0 : 20000, 5, 2025/03/23, 04:20:53.172, 9445453950206, vstest.console.dll, Test Runtime launched
TpTrace Verbose: 0 : 20000, 5, 2025/03/23, 04:20:53.173, 9445453951879, vstest.console.dll, MulticastDelegateUtilities.SafeInvoke: HostProviderEvents.OnHostLaunched: Invoking callback 1/1 for Microsoft.VisualStudio.TestPlatform.CrossPlatEngine.Client.ProxyOperationManager., took 0 ms.
TpTrace Verbose: 0 : 20000, 5, 2025/03/23, 04:20:53.173, 9445453954403, vstest.console.dll, TestRequestSender.WaitForRequestHandlerConnection: waiting for connection with timeout: 90000.
TpTrace Verbose: 0 : 20000, 9, 2025/03/23, 04:20:53.324, 9445455469849, vstest.console.dll, MulticastDelegateUtilities.SafeInvoke: SocketServer: ClientConnected: Invoking callback 1/1 for Microsoft.VisualStudio.TestPlatform.CommunicationUtilities.TestRequestSender., took 0 ms.
TpTrace Verbose: 0 : 20000, 9, 2025/03/23, 04:20:53.325, 9445455470942, vstest.console.dll, SocketServer.OnClientConnected: Client connected for endPoint: 127.0.0.1:57127, starting MessageLoopAsync:
TpTrace Verbose: 0 : 20000, 5, 2025/03/23, 04:20:53.324, 9445455470023, vstest.console.dll, TestRequestSender.WaitForRequestHandlerConnection: waiting took 151 ms, with timeout 90000 ms, and result 0, which is success.
TpTrace Verbose: 0 : 20000, 10, 2025/03/23, 04:20:53.325, 9445455474997, vstest.console.dll, TcpClientExtensions.MessageLoopAsync: Polling on remoteEndPoint: 127.0.0.1:57128 localEndPoint: 127.0.0.1:57127 after 0 ms
TpTrace Verbose: 0 : 20000, 5, 2025/03/23, 04:20:53.348, 9445455708822, vstest.console.dll, TestRequestSender.CheckVersionWithTestHost: Sending check version message: {"MessageType":"ProtocolVersion","Payload":7}
TpTrace Verbose: 0 : 20000, 10, 2025/03/23, 04:20:53.406, 9445456289188, vstest.console.dll, TcpClientExtensions.MessageLoopAsync: NotifyDataAvailable remoteEndPoint: 127.0.0.1:57128 localEndPoint: 127.0.0.1:57127
TpTrace Verbose: 0 : 20000, 10, 2025/03/23, 04:20:53.407, 9445456294586, vstest.console.dll, TestRequestSender.CheckVersionWithTestHost: onMessageReceived received message: (ProtocolVersion) -> {"MessageType":"ProtocolVersion","Payload":7}
TpTrace Verbose: 0 : 20000, 10, 2025/03/23, 04:20:53.412, 9445456341404, vstest.console.dll, MulticastDelegateUtilities.SafeInvoke: LengthPrefixCommunicationChannel: MessageReceived: Invoking callback 1/1 for Microsoft.VisualStudio.TestPlatform.CommunicationUtilities.TestRequestSender+<>c__DisplayClass29_0., took 4 ms.
TpTrace Verbose: 0 : 20000, 10, 2025/03/23, 04:20:53.412, 9445456342771, vstest.console.dll, TcpClientExtensions.MessageLoopAsync: Polling on remoteEndPoint: 127.0.0.1:57128 localEndPoint: 127.0.0.1:57127 after 86 ms
TpTrace Verbose: 0 : 20000, 5, 2025/03/23, 04:20:53.412, 9445456343088, vstest.console.dll, TestPluginCache.GetExtensionPaths: Filtered extension paths: 
TpTrace Verbose: 0 : 20000, 5, 2025/03/23, 04:20:53.412, 9445456343744, vstest.console.dll, TestPluginCache.GetExtensionPaths: Added default extension paths: C:\Program Files\dotnet\sdk\9.0.103\Extensions\Microsoft.Diagnostics.NETCore.Client.dll
C:\Program Files\dotnet\sdk\9.0.103\Extensions\Microsoft.TestPlatform.Extensions.BlameDataCollector.dll
C:\Program Files\dotnet\sdk\9.0.103\Extensions\Microsoft.TestPlatform.Extensions.EventLogCollector.dll
C:\Program Files\dotnet\sdk\9.0.103\Extensions\Microsoft.TestPlatform.TestHostRuntimeProvider.dll
C:\Program Files\dotnet\sdk\9.0.103\Extensions\Microsoft.VisualStudio.TestPlatform.Extensions.Html.TestLogger.dll
C:\Program Files\dotnet\sdk\9.0.103\Extensions\Microsoft.VisualStudio.TestPlatform.Extensions.Trx.TestLogger.dll
TpTrace Verbose: 0 : 20000, 5, 2025/03/23, 04:20:53.412, 9445456343979, vstest.console.dll, TestPluginCache.GetExtensionPaths: Added unfilterableExtensionPaths: 
TpTrace Verbose: 0 : 20000, 5, 2025/03/23, 04:20:53.415, 9445456370576, vstest.console.dll, TestRequestSender.InitializeExecution: Sending initialize execution with message: {"Version":7,"MessageType":"TestExecution.Initialize","Payload":["C:\\Users\\antoi\\source\\repos\\SOLID\\TestSolid\\bin\\Debug\\net8.0\\xunit.runner.visualstudio.testadapter.dll"]}
TpTrace Verbose: 0 : 20000, 5, 2025/03/23, 04:20:53.415, 9445456372261, vstest.console.dll, ParallelProxyExecutionManager.StartTestRunOnConcurrentManager: Execution starting. Started clients: 1
TpTrace Warning: 0 : 20000, 5, 2025/03/23, 04:20:53.415, 9445456376477, vstest.console.dll, InferRunSettingsHelper.MakeRunsettingsCompatible: Removing the following settings: TargetPlatform from RunSettings file. To use those settings please move to latest version of Microsoft.NET.Test.Sdk
TpTrace Verbose: 0 : 20000, 10, 2025/03/23, 04:20:53.415, 9445456376492, vstest.console.dll, TcpClientExtensions.MessageLoopAsync: NotifyDataAvailable remoteEndPoint: 127.0.0.1:57128 localEndPoint: 127.0.0.1:57127
TpTrace Verbose: 0 : 20000, 10, 2025/03/23, 04:20:53.416, 9445456381700, vstest.console.dll, TestRequestSender.OnExecutionMessageReceived: Received message: {"Version":7,"MessageType":"TestSession.Message","Payload":{"MessageLevel":0,"Message":"Journalisation des diagnostics TestHost dans le fichier : C:\\Users\\antoi\\source\\repos\\SOLID\\TestSolid\\log.host.25-03-23_04-20-53_16526_5.txt"}}
TpTrace Verbose: 0 : 20000, 10, 2025/03/23, 04:20:53.418, 9445456403845, vstest.console.dll, TestRunRequest:SendTestRunMessage: Starting.
TpTrace Verbose: 0 : 20000, 10, 2025/03/23, 04:20:53.418, 9445456405379, vstest.console.dll, MulticastDelegateUtilities.SafeInvoke: TestRun.LogMessages: Invoking callback 1/1 for Microsoft.VisualStudio.TestPlatform.CommandLine.TestRunResultAggregator., took 0 ms.
TpTrace Information: 0 : 20000, 10, 2025/03/23, 04:20:53.418, 9445456405764, vstest.console.dll, TestRunRequest:SendTestRunMessage: Completed.
TpTrace Verbose: 0 : 20000, 10, 2025/03/23, 04:20:53.418, 9445456405970, vstest.console.dll, MulticastDelegateUtilities.SafeInvoke: LengthPrefixCommunicationChannel: MessageReceived: Invoking callback 1/1 for Microsoft.VisualStudio.TestPlatform.CommunicationUtilities.TestRequestSender+<>c__DisplayClass34_0., took 2 ms.
TpTrace Verbose: 0 : 20000, 10, 2025/03/23, 04:20:53.418, 9445456406164, vstest.console.dll, TcpClientExtensions.MessageLoopAsync: Polling on remoteEndPoint: 127.0.0.1:57128 localEndPoint: 127.0.0.1:57127 after 6 ms
TpTrace Verbose: 0 : 20000, 4, 2025/03/23, 04:20:53.418, 9445456409116, vstest.console.dll, MulticastDelegateUtilities.SafeInvoke: InternalTestLoggerEvents.SendTestRunMessage: Invoking callback 1/1 for Microsoft.VisualStudio.TestPlatform.CommandLine.Internal.MSBuildLogger., took 0 ms.
TpTrace Verbose: 0 : 20000, 5, 2025/03/23, 04:20:53.421, 9445456435132, vstest.console.dll, TestRequestSender.StartTestRun: Sending test run with message: {"Version":7,"MessageType":"TestExecution.StartWithSources","Payload":{"AdapterSourceMap":{"_none_":["C:\\Users\\antoi\\source\\repos\\SOLID\\TestSolid\\bin\\Debug\\net8.0\\TestSolid.dll"]},"RunSettings":"<RunSettings>\r\n  <RunConfiguration>\r\n    <ResultsDirectory>C:\\Users\\antoi\\source\\repos\\SOLID\\TestSolid\\TestResults</ResultsDirectory>\r\n    <TargetFrameworkVersion>.NETCoreApp,Version=v8.0</TargetFrameworkVersion>\r\n    <DesignMode>False</DesignMode>\r\n    <CollectSourceInformation>False</CollectSourceInformation>\r\n  </RunConfiguration>\r\n  <LoggerRunSettings>\r\n    <Loggers>\r\n      <Logger friendlyName=\"Microsoft.TestPlatform.MSBuildLogger\" assemblyQualifiedName=\"Microsoft.VisualStudio.TestPlatform.CommandLine.Internal.MSBuildLogger, vstest.console, Version=15.0.0.0, Culture=neutral, PublicKeyToken=b03f5f7f11d50a3a\" codeBase=\"C:\\Program Files\\dotnet\\sdk\\9.0.103\\vstest.console.dll\" enabled=\"True\">\r\n        <Configuration>\r\n          <Verbosity>minimal</Verbosity>\r\n        </Configuration>\r\n      </Logger>\r\n    </Loggers>\r\n  </LoggerRunSettings>\r\n</RunSettings>","TestExecutionContext":{"FrequencyOfRunStatsChangeEvent":10,"RunStatsChangeEventTimeout":"00:00:01.5000000","InIsolation":false,"KeepAlive":false,"AreTestCaseLevelEventsRequired":false,"IsDebug":false,"TestCaseFilter":null,"FilterOptions":null},"Package":null}}
TpTrace Verbose: 0 : 20000, 5, 2025/03/23, 04:20:53.421, 9445456436796, vstest.console.dll, ParallelProxyExecutionManager.StartTestRunOnConcurrentManager: Execution started. Started clients: 1
TpTrace Verbose: 0 : 20000, 10, 2025/03/23, 04:20:53.519, 9445457412106, vstest.console.dll, TcpClientExtensions.MessageLoopAsync: NotifyDataAvailable remoteEndPoint: 127.0.0.1:57128 localEndPoint: 127.0.0.1:57127
TpTrace Verbose: 0 : 20000, 10, 2025/03/23, 04:20:53.519, 9445457414610, vstest.console.dll, TestRequestSender.OnExecutionMessageReceived: Received message: {"Version":7,"MessageType":"TestSession.Message","Payload":{"MessageLevel":0,"Message":"[xUnit.net 00:00:00.00] xUnit.net VSTest Adapter v3.0.2+dd36e86129 (64-bit .NET 8.0.14)"}}
TpTrace Verbose: 0 : 20000, 10, 2025/03/23, 04:20:53.519, 9445457416424, vstest.console.dll, TestRunRequest:SendTestRunMessage: Starting.
TpTrace Verbose: 0 : 20000, 10, 2025/03/23, 04:20:53.519, 9445457417297, vstest.console.dll, MulticastDelegateUtilities.SafeInvoke: TestRun.LogMessages: Invoking callback 1/1 for Microsoft.VisualStudio.TestPlatform.CommandLine.TestRunResultAggregator., took 0 ms.
TpTrace Information: 0 : 20000, 10, 2025/03/23, 04:20:53.519, 9445457417810, vstest.console.dll, TestRunRequest:SendTestRunMessage: Completed.
TpTrace Verbose: 0 : 20000, 10, 2025/03/23, 04:20:53.519, 9445457418218, vstest.console.dll, MulticastDelegateUtilities.SafeInvoke: LengthPrefixCommunicationChannel: MessageReceived: Invoking callback 1/1 for Microsoft.VisualStudio.TestPlatform.CommunicationUtilities.TestRequestSender+<>c__DisplayClass34_0., took 0 ms.
TpTrace Verbose: 0 : 20000, 10, 2025/03/23, 04:20:53.519, 9445457418436, vstest.console.dll, TcpClientExtensions.MessageLoopAsync: Polling on remoteEndPoint: 127.0.0.1:57128 localEndPoint: 127.0.0.1:57127 after 101 ms
TpTrace Verbose: 0 : 20000, 4, 2025/03/23, 04:20:53.519, 9445457418924, vstest.console.dll, MulticastDelegateUtilities.SafeInvoke: InternalTestLoggerEvents.SendTestRunMessage: Invoking callback 1/1 for Microsoft.VisualStudio.TestPlatform.CommandLine.Internal.MSBuildLogger., took 0 ms.
TpTrace Verbose: 0 : 20000, 10, 2025/03/23, 04:20:53.591, 9445458133798, vstest.console.dll, TcpClientExtensions.MessageLoopAsync: NotifyDataAvailable remoteEndPoint: 127.0.0.1:57128 localEndPoint: 127.0.0.1:57127
TpTrace Verbose: 0 : 20000, 10, 2025/03/23, 04:20:53.591, 9445458135483, vstest.console.dll, TestRequestSender.OnExecutionMessageReceived: Received message: {"Version":7,"MessageType":"TestSession.Message","Payload":{"MessageLevel":0,"Message":"[xUnit.net 00:00:00.07]   Discovering: TestSolid"}}
TpTrace Verbose: 0 : 20000, 10, 2025/03/23, 04:20:53.591, 9445458136783, vstest.console.dll, TestRunRequest:SendTestRunMessage: Starting.
TpTrace Verbose: 0 : 20000, 10, 2025/03/23, 04:20:53.591, 9445458137334, vstest.console.dll, MulticastDelegateUtilities.SafeInvoke: TestRun.LogMessages: Invoking callback 1/1 for Microsoft.VisualStudio.TestPlatform.CommandLine.TestRunResultAggregator., took 0 ms.
TpTrace Information: 0 : 20000, 10, 2025/03/23, 04:20:53.591, 9445458137662, vstest.console.dll, TestRunRequest:SendTestRunMessage: Completed.
TpTrace Verbose: 0 : 20000, 10, 2025/03/23, 04:20:53.591, 9445458138121, vstest.console.dll, MulticastDelegateUtilities.SafeInvoke: LengthPrefixCommunicationChannel: MessageReceived: Invoking callback 1/1 for Microsoft.VisualStudio.TestPlatform.CommunicationUtilities.TestRequestSender+<>c__DisplayClass34_0., took 0 ms.
TpTrace Verbose: 0 : 20000, 10, 2025/03/23, 04:20:53.591, 9445458138434, vstest.console.dll, TcpClientExtensions.MessageLoopAsync: Polling on remoteEndPoint: 127.0.0.1:57128 localEndPoint: 127.0.0.1:57127 after 71 ms
TpTrace Verbose: 0 : 20000, 4, 2025/03/23, 04:20:53.591, 9445458138796, vstest.console.dll, MulticastDelegateUtilities.SafeInvoke: InternalTestLoggerEvents.SendTestRunMessage: Invoking callback 1/1 for Microsoft.VisualStudio.TestPlatform.CommandLine.Internal.MSBuildLogger., took 0 ms.
TpTrace Verbose: 0 : 20000, 10, 2025/03/23, 04:20:53.623, 9445458459308, vstest.console.dll, TcpClientExtensions.MessageLoopAsync: NotifyDataAvailable remoteEndPoint: 127.0.0.1:57128 localEndPoint: 127.0.0.1:57127
TpTrace Verbose: 0 : 20000, 10, 2025/03/23, 04:20:53.624, 9445458461130, vstest.console.dll, TestRequestSender.OnExecutionMessageReceived: Received message: {"Version":7,"MessageType":"TestSession.Message","Payload":{"MessageLevel":0,"Message":"[xUnit.net 00:00:00.10]   Discovered:  TestSolid"}}
TpTrace Verbose: 0 : 20000, 10, 2025/03/23, 04:20:53.624, 9445458462381, vstest.console.dll, TestRunRequest:SendTestRunMessage: Starting.
TpTrace Verbose: 0 : 20000, 10, 2025/03/23, 04:20:53.624, 9445458462891, vstest.console.dll, MulticastDelegateUtilities.SafeInvoke: TestRun.LogMessages: Invoking callback 1/1 for Microsoft.VisualStudio.TestPlatform.CommandLine.TestRunResultAggregator., took 0 ms.
TpTrace Information: 0 : 20000, 10, 2025/03/23, 04:20:53.624, 9445458463131, vstest.console.dll, TestRunRequest:SendTestRunMessage: Completed.
TpTrace Verbose: 0 : 20000, 10, 2025/03/23, 04:20:53.624, 9445458463411, vstest.console.dll, MulticastDelegateUtilities.SafeInvoke: LengthPrefixCommunicationChannel: MessageReceived: Invoking callback 1/1 for Microsoft.VisualStudio.TestPlatform.CommunicationUtilities.TestRequestSender+<>c__DisplayClass34_0., took 0 ms.
TpTrace Verbose: 0 : 20000, 10, 2025/03/23, 04:20:53.624, 9445458463777, vstest.console.dll, TcpClientExtensions.MessageLoopAsync: Polling on remoteEndPoint: 127.0.0.1:57128 localEndPoint: 127.0.0.1:57127 after 32 ms
TpTrace Verbose: 0 : 20000, 4, 2025/03/23, 04:20:53.624, 9445458464241, vstest.console.dll, MulticastDelegateUtilities.SafeInvoke: InternalTestLoggerEvents.SendTestRunMessage: Invoking callback 1/1 for Microsoft.VisualStudio.TestPlatform.CommandLine.Internal.MSBuildLogger., took 0 ms.
TpTrace Verbose: 0 : 20000, 10, 2025/03/23, 04:20:53.640, 9445458629101, vstest.console.dll, TcpClientExtensions.MessageLoopAsync: NotifyDataAvailable remoteEndPoint: 127.0.0.1:57128 localEndPoint: 127.0.0.1:57127
TpTrace Verbose: 0 : 20000, 10, 2025/03/23, 04:20:53.641, 9445458630611, vstest.console.dll, TestRequestSender.OnExecutionMessageReceived: Received message: {"Version":7,"MessageType":"TestSession.Message","Payload":{"MessageLevel":0,"Message":"[xUnit.net 00:00:00.12]   Starting:    TestSolid"}}
TpTrace Verbose: 0 : 20000, 10, 2025/03/23, 04:20:53.641, 9445458631598, vstest.console.dll, TestRunRequest:SendTestRunMessage: Starting.
TpTrace Verbose: 0 : 20000, 10, 2025/03/23, 04:20:53.641, 9445458632130, vstest.console.dll, MulticastDelegateUtilities.SafeInvoke: TestRun.LogMessages: Invoking callback 1/1 for Microsoft.VisualStudio.TestPlatform.CommandLine.TestRunResultAggregator., took 0 ms.
TpTrace Information: 0 : 20000, 10, 2025/03/23, 04:20:53.641, 9445458632353, vstest.console.dll, TestRunRequest:SendTestRunMessage: Completed.
TpTrace Verbose: 0 : 20000, 10, 2025/03/23, 04:20:53.641, 9445458632559, vstest.console.dll, MulticastDelegateUtilities.SafeInvoke: LengthPrefixCommunicationChannel: MessageReceived: Invoking callback 1/1 for Microsoft.VisualStudio.TestPlatform.CommunicationUtilities.TestRequestSender+<>c__DisplayClass34_0., took 0 ms.
TpTrace Verbose: 0 : 20000, 10, 2025/03/23, 04:20:53.641, 9445458632783, vstest.console.dll, TcpClientExtensions.MessageLoopAsync: Polling on remoteEndPoint: 127.0.0.1:57128 localEndPoint: 127.0.0.1:57127 after 16 ms
TpTrace Verbose: 0 : 20000, 4, 2025/03/23, 04:20:53.641, 9445458633630, vstest.console.dll, MulticastDelegateUtilities.SafeInvoke: InternalTestLoggerEvents.SendTestRunMessage: Invoking callback 1/1 for Microsoft.VisualStudio.TestPlatform.CommandLine.Internal.MSBuildLogger., took 0 ms.
TpTrace Verbose: 0 : 20000, 10, 2025/03/23, 04:20:53.721, 9445459440115, vstest.console.dll, TcpClientExtensions.MessageLoopAsync: NotifyDataAvailable remoteEndPoint: 127.0.0.1:57128 localEndPoint: 127.0.0.1:57127
TpTrace Verbose: 0 : 20000, 10, 2025/03/23, 04:20:53.722, 9445459442213, vstest.console.dll, TestRequestSender.OnExecutionMessageReceived: Received message: {"Version":7,"MessageType":"TestSession.Message","Payload":{"MessageLevel":0,"Message":"[xUnit.net 00:00:00.20]   Finished:    TestSolid"}}
TpTrace Verbose: 0 : 20000, 10, 2025/03/23, 04:20:53.722, 9445459444588, vstest.console.dll, TestRunRequest:SendTestRunMessage: Starting.
TpTrace Verbose: 0 : 20000, 10, 2025/03/23, 04:20:53.722, 9445459445339, vstest.console.dll, MulticastDelegateUtilities.SafeInvoke: TestRun.LogMessages: Invoking callback 1/1 for Microsoft.VisualStudio.TestPlatform.CommandLine.TestRunResultAggregator., took 0 ms.
TpTrace Information: 0 : 20000, 10, 2025/03/23, 04:20:53.722, 9445459445763, vstest.console.dll, TestRunRequest:SendTestRunMessage: Completed.
TpTrace Verbose: 0 : 20000, 10, 2025/03/23, 04:20:53.722, 9445459446072, vstest.console.dll, MulticastDelegateUtilities.SafeInvoke: LengthPrefixCommunicationChannel: MessageReceived: Invoking callback 1/1 for Microsoft.VisualStudio.TestPlatform.CommunicationUtilities.TestRequestSender+<>c__DisplayClass34_0., took 0 ms.
TpTrace Verbose: 0 : 20000, 10, 2025/03/23, 04:20:53.722, 9445459446450, vstest.console.dll, TcpClientExtensions.MessageLoopAsync: Polling on remoteEndPoint: 127.0.0.1:57128 localEndPoint: 127.0.0.1:57127 after 81 ms
TpTrace Verbose: 0 : 20000, 4, 2025/03/23, 04:20:53.722, 9445459447731, vstest.console.dll, MulticastDelegateUtilities.SafeInvoke: InternalTestLoggerEvents.SendTestRunMessage: Invoking callback 1/1 for Microsoft.VisualStudio.TestPlatform.CommandLine.Internal.MSBuildLogger., took 0 ms.
TpTrace Verbose: 0 : 20000, 10, 2025/03/23, 04:20:53.754, 9445459770010, vstest.console.dll, TcpClientExtensions.MessageLoopAsync: NotifyDataAvailable remoteEndPoint: 127.0.0.1:57128 localEndPoint: 127.0.0.1:57127
TpTrace Verbose: 0 : 20000, 10, 2025/03/23, 04:20:53.755, 9445459772503, vstest.console.dll, TestRequestSender.OnExecutionMessageReceived: Received message: {"Version":7,"MessageType":"TestExecution.Completed","Payload":{"TestRunCompleteArgs":{"TestRunStatistics":{"ExecutedTests":4,"Stats":{"Passed":4}},"IsCanceled":false,"IsAborted":false,"Error":null,"AttachmentSets":[],"InvokedDataCollectors":[],"ElapsedTimeInRunningTests":"00:00:00.2140957","Metrics":{},"DiscoveredExtensions":{"TestDiscoverers":["Xunit.Runner.VisualStudio.VsTestRunner, xunit.runner.visualstudio.testadapter, Version=3.0.2.0, Culture=neutral, PublicKeyToken=null"],"TestExecutors":["executor://xunit/VsTestRunner3/netcore/"],"TestExecutors2":[],"TestSettingsProviders":[]}},"LastRunTests":{"NewTestResults":[{"TestCase":{"Id":"cc0fd5d8-03c9-5fcf-66f2-058d16923893","FullyQualifiedName":"TestSolid.NotificationServiceTests.SendNotification_WithValidMessage_ShouldCallSendOnNotificationService","DisplayName":"TestSolid.NotificationServiceTests.SendNotification_WithValidMessage_ShouldCallSendOnNotificationService","ExecutorUri":"executor://xunit/VsTestRunner3/netcore/","Source":"C:\\Users\\antoi\\source\\repos\\SOLID\\TestSolid\\bin\\Debug\\net8.0\\TestSolid.dll","CodeFilePath":null,"LineNumber":0,"Properties":[{"Key":{"Id":"TestCase.ManagedType","Label":"ManagedType","Category":"","Description":"","Attributes":1,"ValueType":"System.String"},"Value":"TestSolid.NotificationServiceTests"},{"Key":{"Id":"XunitTestCaseExplicit","Label":"xUnit.net Test Case Explicit Flag","Category":"","Description":"","Attributes":0,"ValueType":"System.Boolean"},"Value":false},{"Key":{"Id":"TestCase.ManagedMethod","Label":"ManagedMethod","Category":"","Description":"","Attributes":1,"ValueType":"System.String"},"Value":"SendNotification_WithValidMessage_ShouldCallSendOnNotificationService"},{"Key":{"Id":"XunitTestCaseUniqueID","Label":"xUnit.net Test Case Unique ID","Category":"","Description":"","Attributes":0,"ValueType":"System.String"},"Value":"1b89e1f760323cb01701ec29c78e1619d80e553a"}]},"Attachments":[],"Outcome":1,"ErrorMessage":null,"ErrorStackTrace":null,"DisplayName":"TestSolid.NotificationServiceTests.SendNotification_WithValidMessage_ShouldCallSendOnNotificationService","Messages":[],"ComputerName":"LAPTOP-R32BHNH4","Duration":"00:00:00.0445766","StartTime":"2025-03-23T03:20:53.661212+00:00","EndTime":"2025-03-23T03:20:53.7123913+00:00","Properties":[]},{"TestCase":{"Id":"72f48b26-7f4b-cee1-4cd9-16e09f30626b","FullyQualifiedName":"TestSolid.NotificationServiceTests.Constructor_WithNullNotificationService_ShouldThrowArgumentNullException","DisplayName":"TestSolid.NotificationServiceTests.Constructor_WithNullNotificationService_ShouldThrowArgumentNullException","ExecutorUri":"executor://xunit/VsTestRunner3/netcore/","Source":"C:\\Users\\antoi\\source\\repos\\SOLID\\TestSolid\\bin\\Debug\\net8.0\\TestSolid.dll","CodeFilePath":null,"LineNumber":0,"Properties":[{"Key":{"Id":"TestCase.ManagedType","Label":"ManagedType","Category":"","Description":"","Attributes":1,"ValueType":"System.String"},"Value":"TestSolid.NotificationServiceTests"},{"Key":{"Id":"XunitTestCaseExplicit","Label":"xUnit.net Test Case Explicit Flag","Category":"","Description":"","Attributes":0,"ValueType":"System.Boolean"},"Value":false},{"Key":{"Id":"TestCase.ManagedMethod","Label":"ManagedMethod","Category":"","Description":"","Attributes":1,"ValueType":"System.String"},"Value":"Constructor_WithNullNotificationService_ShouldThrowArgumentNullException"},{"Key":{"Id":"XunitTestCaseUniqueID","Label":"xUnit.net Test Case Unique ID","Category":"","Description":"","Attributes":0,"ValueType":"System.String"},"Value":"5be04d095f9055b1fdcaf535d3dc4c4119e11c01"}]},"Attachments":[],"Outcome":1,"ErrorMessage":null,"ErrorStackTrace":null,"DisplayName":"TestSolid.NotificationServiceTests.Constructor_WithNullNotificationService_ShouldThrowArgumentNullException","Messages":[],"ComputerName":"LAPTOP-R32BHNH4","Duration":"00:00:00.0015157","StartTime":"2025-03-23T03:20:53.7192526+00:00","EndTime":"2025-03-23T03:20:53.7193142+00:00","Properties":[]},{"TestCase":{"Id":"9e73f9b9-d170-8fce-0ce4-1211212ac320","FullyQualifiedName":"TestSolid.NotificationServiceTests.SendNotification_WithEmptyMessage_ShouldThrowArgumentException","DisplayName":"TestSolid.NotificationServiceTests.SendNotification_WithEmptyMessage_ShouldThrowArgumentException","ExecutorUri":"executor://xunit/VsTestRunner3/netcore/","Source":"C:\\Users\\antoi\\source\\repos\\SOLID\\TestSolid\\bin\\Debug\\net8.0\\TestSolid.dll","CodeFilePath":null,"LineNumber":0,"Properties":[{"Key":{"Id":"TestCase.ManagedType","Label":"ManagedType","Category":"","Description":"","Attributes":1,"ValueType":"System.String"},"Value":"TestSolid.NotificationServiceTests"},{"Key":{"Id":"XunitTestCaseExplicit","Label":"xUnit.net Test Case Explicit Flag","Category":"","Description":"","Attributes":0,"ValueType":"System.Boolean"},"Value":false},{"Key":{"Id":"TestCase.ManagedMethod","Label":"ManagedMethod","Category":"","Description":"","Attributes":1,"ValueType":"System.String"},"Value":"SendNotification_WithEmptyMessage_ShouldThrowArgumentException"},{"Key":{"Id":"XunitTestCaseUniqueID","Label":"xUnit.net Test Case Unique ID","Category":"","Description":"","Attributes":0,"ValueType":"System.String"},"Value":"ddbcd3da8e9d6ae3ee941e5bb1827de0c35c3660"}]},"Attachments":[],"Outcome":1,"ErrorMessage":null,"ErrorStackTrace":null,"DisplayName":"TestSolid.NotificationServiceTests.SendNotification_WithEmptyMessage_ShouldThrowArgumentException","Messages":[],"ComputerName":"LAPTOP-R32BHNH4","Duration":"00:00:00.0007048","StartTime":"2025-03-23T03:20:53.7197573+00:00","EndTime":"2025-03-23T03:20:53.7198017+00:00","Properties":[]},{"TestCase":{"Id":"ac29d2b2-75a2-538b-31cd-0a3faa5058d6","FullyQualifiedName":"TestSolid.NotificationServiceTests.SendNotification_WithNullMessage_ShouldThrowArgumentException","DisplayName":"TestSolid.NotificationServiceTests.SendNotification_WithNullMessage_ShouldThrowArgumentException","ExecutorUri":"executor://xunit/VsTestRunner3/netcore/","Source":"C:\\Users\\antoi\\source\\repos\\SOLID\\TestSolid\\bin\\Debug\\net8.0\\TestSolid.dll","CodeFilePath":null,"LineNumber":0,"Properties":[{"Key":{"Id":"TestCase.ManagedType","Label":"ManagedType","Category":"","Description":"","Attributes":1,"ValueType":"System.String"},"Value":"TestSolid.NotificationServiceTests"},{"Key":{"Id":"XunitTestCaseExplicit","Label":"xUnit.net Test Case Explicit Flag","Category":"","Description":"","Attributes":0,"ValueType":"System.Boolean"},"Value":false},{"Key":{"Id":"TestCase.ManagedMethod","Label":"ManagedMethod","Category":"","Description":"","Attributes":1,"ValueType":"System.String"},"Value":"SendNotification_WithNullMessage_ShouldThrowArgumentException"},{"Key":{"Id":"XunitTestCaseUniqueID","Label":"xUnit.net Test Case Unique ID","Category":"","Description":"","Attributes":0,"ValueType":"System.String"},"Value":"f85cfbc7a3288627eeb898e6982110a46027f5e8"}]},"Attachments":[],"Outcome":1,"ErrorMessage":null,"ErrorStackTrace":null,"DisplayName":"TestSolid.NotificationServiceTests.SendNotification_WithNullMessage_ShouldThrowArgumentException","Messages":[],"ComputerName":"LAPTOP-R32BHNH4","Duration":"00:00:00.0002127","StartTime":"2025-03-23T03:20:53.7199879+00:00","EndTime":"2025-03-23T03:20:53.7200211+00:00","Properties":[]}],"TestRunStatistics":{"ExecutedTests":4,"Stats":{"Passed":4}},"ActiveTests":[]},"RunAttachments":[],"ExecutorUris":["executor://xunit/VsTestRunner3/netcore/"]}}
TpTrace Verbose: 0 : 20000, 10, 2025/03/23, 04:20:53.755, 9445459773870, vstest.console.dll, TestRequestSender.EndSession: Sending end session.
TpTrace Verbose: 0 : 20000, 10, 2025/03/23, 04:20:53.755, 9445459775202, vstest.console.dll, ProxyOperationManager.Close: waiting for test host to exit for 100 ms
TpTrace Warning: 0 : 20000, 12, 2025/03/23, 04:20:53.788, 9445460109127, vstest.console.dll, TestHostManagerCallbacks.ErrorReceivedCallback Test host standard error line: 
TpTrace Verbose: 0 : 20000, 11, 2025/03/23, 04:20:53.788, 9445460109430, vstest.console.dll, TestHostManagerCallbacks.StandardOutputReceivedCallback Test host standard output line: 
TpTrace Verbose: 0 : 20000, 11, 2025/03/23, 04:20:53.802, 9445460243553, vstest.console.dll, TestHostProvider.ExitCallBack: Host exited starting callback.
TpTrace Information: 0 : 20000, 11, 2025/03/23, 04:20:53.802, 9445460244753, vstest.console.dll, TestHostManagerCallbacks.ExitCallBack: Testhost processId: 9128 exited with exitcode: 0 error: ''
TpTrace Verbose: 0 : 20000, 11, 2025/03/23, 04:20:53.802, 9445460245013, vstest.console.dll, DotnetTestHostManager.OnHostExited: invoking OnHostExited callback
TpTrace Verbose: 0 : 20000, 11, 2025/03/23, 04:20:53.802, 9445460246910, vstest.console.dll, CrossPlatEngine.TestHostManagerHostExited: calling on client process exit callback.
TpTrace Information: 0 : 20000, 11, 2025/03/23, 04:20:53.802, 9445460247533, vstest.console.dll, TestRequestSender.OnClientProcessExit: Test host process exited. Standard error: 
TpTrace Information: 0 : 20000, 11, 2025/03/23, 04:20:53.802, 9445460247783, vstest.console.dll, SocketServer.Stop: Stop server endPoint: 127.0.0.1:57127
TpTrace Information: 0 : 20000, 11, 2025/03/23, 04:20:53.802, 9445460247933, vstest.console.dll, SocketServer.Stop: Cancellation requested. Stopping message loop.
TpTrace Verbose: 0 : 20000, 11, 2025/03/23, 04:20:53.802, 9445460248553, vstest.console.dll, MulticastDelegateUtilities.SafeInvoke: HostProviderEvents.OnHostExited: Invoking callback 1/1 for Microsoft.VisualStudio.TestPlatform.CrossPlatEngine.Client.ProxyOperationManager., took 0 ms.
TpTrace Information: 0 : 20000, 10, 2025/03/23, 04:20:53.802, 9445460248753, vstest.console.dll, SocketServer.Stop: Stop server endPoint: 127.0.0.1:57127
TpTrace Information: 0 : 20000, 10, 2025/03/23, 04:20:53.802, 9445460249296, vstest.console.dll, SocketServer.Stop: Cancellation requested. Stopping message loop.
TpTrace Information: 0 : 20000, 10, 2025/03/23, 04:20:53.802, 9445460249572, vstest.console.dll, Closing the connection
TpTrace Verbose: 0 : 20000, 10, 2025/03/23, 04:20:53.828, 9445460508655, vstest.console.dll, ParallelRunEventsHandler.HandleTestRunComplete: Handling a run completion, this can be either one part of parallel run completing, or the whole parallel run completing.
TpTrace Verbose: 0 : 20000, 10, 2025/03/23, 04:20:53.838, 9445460601099, vstest.console.dll, TestRunRequest:SendTestRunStatsChange: Starting.
TpTrace Verbose: 0 : 20000, 10, 2025/03/23, 04:20:53.838, 9445460602943, vstest.console.dll, MulticastDelegateUtilities.SafeInvoke: TestRun.RunStatsChanged: Invoking callbacks was skipped because there are no subscribers.
TpTrace Information: 0 : 20000, 10, 2025/03/23, 04:20:53.838, 9445460603220, vstest.console.dll, TestRunRequest:SendTestRunStatsChange: Completed.
TpTrace Verbose: 0 : 20000, 4, 2025/03/23, 04:20:53.838, 9445460604228, vstest.console.dll, MulticastDelegateUtilities.SafeInvoke: InternalTestLoggerEvents.SendTestResult: Invoking callback 1/1 for Microsoft.VisualStudio.TestPlatform.CommandLine.Internal.MSBuildLogger., took 0 ms.
TpTrace Verbose: 0 : 20000, 10, 2025/03/23, 04:20:53.838, 9445460605230, vstest.console.dll, ParallelProxyExecutionManager: HandlePartialRunComplete: Total workloads = 1, Total started clients = 1 Total completed clients = 1, Run complete = True, Run canceled: False.
TpTrace Verbose: 0 : 20000, 10, 2025/03/23, 04:20:53.838, 9445460605493, vstest.console.dll, ParallelProxyExecutionManager: HandlePartialRunComplete: All runs completed stopping all managers.
TpTrace Verbose: 0 : 20000, 10, 2025/03/23, 04:20:53.838, 9445460605699, vstest.console.dll, ParallelOperationManager.StopAllManagers: Stopping all managers.
TpTrace Verbose: 0 : 20000, 10, 2025/03/23, 04:20:53.838, 9445460605876, vstest.console.dll, ParallelOperationManager.ClearSlots: Clearing all slots. Slots should accept more work: False
TpTrace Verbose: 0 : 20000, 4, 2025/03/23, 04:20:53.838, 9445460606237, vstest.console.dll, MulticastDelegateUtilities.SafeInvoke: InternalTestLoggerEvents.SendTestResult: Invoking callback 1/1 for Microsoft.VisualStudio.TestPlatform.CommandLine.Internal.MSBuildLogger., took 0 ms.
TpTrace Verbose: 0 : 20000, 10, 2025/03/23, 04:20:53.838, 9445460606629, vstest.console.dll, ParallelOperationManager.SetOccupiedSlotCount: Setting slot counts AvailableSlotCount = 1, OccupiedSlotCount = 0.
TpTrace Verbose: 0 : 20000, 4, 2025/03/23, 04:20:53.838, 9445460607081, vstest.console.dll, MulticastDelegateUtilities.SafeInvoke: InternalTestLoggerEvents.SendTestResult: Invoking callback 1/1 for Microsoft.VisualStudio.TestPlatform.CommandLine.Internal.MSBuildLogger., took 0 ms.
TpTrace Verbose: 0 : 20000, 10, 2025/03/23, 04:20:53.838, 9445460607512, vstest.console.dll, Occupied slots:

TpTrace Verbose: 0 : 20000, 10, 2025/03/23, 04:20:53.838, 9445460607744, vstest.console.dll, ParallelRunEventsHandler.HandleTestRunComplete: Whole parallel run completed.
TpTrace Verbose: 0 : 20000, 4, 2025/03/23, 04:20:53.838, 9445460607824, vstest.console.dll, MulticastDelegateUtilities.SafeInvoke: InternalTestLoggerEvents.SendTestResult: Invoking callback 1/1 for Microsoft.VisualStudio.TestPlatform.CommandLine.Internal.MSBuildLogger., took 0 ms.
TpTrace Verbose: 0 : 20000, 4, 2025/03/23, 04:20:53.846, 9445460689438, vstest.console.dll, MulticastDelegateUtilities.SafeInvoke: InternalTestLoggerEvents.SendTestRunComplete: Invoking callback 1/1 for Microsoft.VisualStudio.TestPlatform.CommandLine.Internal.MSBuildLogger., took 5 ms.
TpTrace Verbose: 0 : 20000, 10, 2025/03/23, 04:20:53.847, 9445460692499, vstest.console.dll, TestRunRequest:TestRunComplete: Starting. IsAborted:False IsCanceled:False.
TpTrace Verbose: 0 : 20000, 10, 2025/03/23, 04:20:53.847, 9445460694151, vstest.console.dll, ParallelOperationManager.DoActionOnAllManagers: Calling an action on all managers.
TpTrace Verbose: 0 : 20000, 10, 2025/03/23, 04:20:53.848, 9445460707390, vstest.console.dll, TestLoggerManager.HandleTestRunComplete: Ignoring as the object is disposed.
TpTrace Verbose: 0 : 20000, 10, 2025/03/23, 04:20:53.849, 9445460710387, vstest.console.dll, MulticastDelegateUtilities.SafeInvoke: TestRun.TestRunComplete: Invoking callback 1/2 for Microsoft.VisualStudio.TestPlatform.CommandLine.TestRunResultAggregator., took 0 ms.
TpTrace Verbose: 0 : 20000, 10, 2025/03/23, 04:20:53.849, 9445460711721, vstest.console.dll, MulticastDelegateUtilities.SafeInvoke: TestRun.TestRunComplete: Invoking callback 2/2 for Microsoft.VisualStudio.TestPlatform.CommandLine.Processors.RunTestsArgumentExecutor+TestRunRequestEventsRegistrar., took 0 ms.
TpTrace Information: 0 : 20000, 10, 2025/03/23, 04:20:53.849, 9445460712879, vstest.console.dll, TestRunRequest:TestRunComplete: Completed.
TpTrace Verbose: 0 : 20000, 10, 2025/03/23, 04:20:53.849, 9445460713310, vstest.console.dll, TestRequestSender.SetOperationComplete: Setting operation complete.
TpTrace Verbose: 0 : 20000, 1, 2025/03/23, 04:20:53.849, 9445460713243, vstest.console.dll, TestRunRequest.Dispose: Starting.
TpTrace Information: 0 : 20000, 10, 2025/03/23, 04:20:53.849, 9445460713619, vstest.console.dll, SocketServer.Stop: Stop server endPoint: 127.0.0.1:57127
TpTrace Information: 0 : 20000, 1, 2025/03/23, 04:20:53.849, 9445460714505, vstest.console.dll, TestRunRequest.Dispose: Completed.
TpTrace Information: 0 : 20000, 10, 2025/03/23, 04:20:53.849, 9445460715306, vstest.console.dll, SocketServer.Stop: Cancellation requested. Stopping message loop.
TpTrace Information: 0 : 20000, 1, 2025/03/23, 04:20:53.849, 9445460715397, vstest.console.dll, TestRequestManager.RunTests: run tests completed.
TpTrace Verbose: 0 : 20000, 10, 2025/03/23, 04:20:53.849, 9445460716241, vstest.console.dll, MulticastDelegateUtilities.SafeInvoke: LengthPrefixCommunicationChannel: MessageReceived: Invoking callback 1/1 for Microsoft.VisualStudio.TestPlatform.CommunicationUtilities.TestRequestSender+<>c__DisplayClass34_0., took 94 ms.
TpTrace Information: 0 : 20000, 1, 2025/03/23, 04:20:53.849, 9445460716661, vstest.console.dll, RunTestsArgumentProcessor:Execute: Test run is completed.
TpTrace Information: 0 : 20000, 10, 2025/03/23, 04:20:53.849, 9445460717249, vstest.console.dll, SocketServer.PrivateStop: Stopping server endPoint: 127.0.0.1:57127 error: 
TpTrace Verbose: 0 : 20000, 1, 2025/03/23, 04:20:53.849, 9445460719478, vstest.console.dll, Executor.Execute: Exiting with exit code of 0
TpTrace Verbose: 0 : 20000, 10, 2025/03/23, 04:20:53.850, 9445460721179, vstest.console.dll, LengthPrefixCommunicationChannel.Dispose: Dispose reader and writer.
TpTrace Information: 0 : 20000, 10, 2025/03/23, 04:20:53.850, 9445460721895, vstest.console.dll, SocketServer.Stop: Raise disconnected event endPoint: 127.0.0.1:57127 error: 
TpTrace Verbose: 0 : 20000, 10, 2025/03/23, 04:20:53.850, 9445460722518, vstest.console.dll, TestRequestSender: OnTestRunAbort: Operation is already complete. Skip error message.
TpTrace Verbose: 0 : 20000, 10, 2025/03/23, 04:20:53.850, 9445460722783, vstest.console.dll, MulticastDelegateUtilities.SafeInvoke: SocketServer: ClientDisconnected: Invoking callback 1/1 for Microsoft.VisualStudio.TestPlatform.CommunicationUtilities.TestRequestSender., took 0 ms.
TpTrace Verbose: 0 : 20000, 10, 2025/03/23, 04:20:53.850, 9445460722958, vstest.console.dll, TcpClientExtensions.MessageLoopAsync: exiting MessageLoopAsync remoteEndPoint: 127.0.0.1:57128 localEndPoint: 127.0.0.1:57127
